Build started 2016-10-07 오전 10:56:16.
     1>Project "E:\허규남\대학교\컴퓨터네트워크\ComputerNetwork\ARP TermProject Team7\ARP TermProject Team7.vcxproj" on node 2 (build target(s)).
     1>InitializeBuildStatus:
         Creating "Debug\NetworkTeam2.unsuccessfulbuild" because "AlwaysCreate" was specified.
       ClCompile:
         c:\Program Files (x86)\Microsoft Visual Studio 10.0\VC\bin\CL.exe /c /ZI /nologo /W3 /WX- /Od /Oy- /D WIN32 /D _WINDOWS /D _DEBUG /D HAVE_REMOTE /D WPCAP /D _MBCS /D _AFXDLL /Gm /EHsc /RTC1 /MDd /GS /fp:precise /Zc:wchar_t /Zc:forScope /Yc"StdAfx.h" /Fp"Debug\NetworkTeam2.pch" /Fo"Debug\\" /Fd"Debug\vc100.pdb" /Gd /TP /analyze- /errorReport:prompt stdafx.cpp
         stdafx.cpp
         c:\Program Files (x86)\Microsoft Visual Studio 10.0\VC\bin\CL.exe /c /ZI /nologo /W3 /WX- /Od /Oy- /D WIN32 /D _WINDOWS /D _DEBUG /D HAVE_REMOTE /D WPCAP /D _MBCS /D _AFXDLL /Gm /EHsc /RTC1 /MDd /GS /fp:precise /Zc:wchar_t /Zc:forScope /Yu"StdAfx.h" /Fp"Debug\NetworkTeam2.pch" /Fo"Debug\\" /Fd"Debug\vc100.pdb" /Gd /TP /analyze- /errorReport:prompt "ARP TermProject Team7.cpp" "ARP TermProject Team7Dlg.cpp" ARPLayer.cpp ARPManager.cpp ARPTable.cpp BaseLayer.cpp BindingTable.cpp EthernetLayer.cpp IPLayer.cpp LayerManager.cpp NILayer.cpp ProxyDialog.cpp RIPLayer.cpp RouterDialog.cpp RouterTable.cpp UDPLayer.cpp
         UDPLayer.cpp
         RouterTable.cpp
     1>e:\허규남\대학교\컴퓨터네트워크\computernetwork\arp termproject team7\routertable.cpp(52): warning C4996: 'sprintf': This function or variable may be unsafe. Consider using sprintf_s instead. To disable deprecation, use _CRT_SECURE_NO_WARNINGS. See online help for details.
                 c:\program files (x86)\microsoft visual studio 10.0\vc\include\stdio.h(371) : see declaration of 'sprintf'
     1>e:\허규남\대학교\컴퓨터네트워크\computernetwork\arp termproject team7\routertable.cpp(55): warning C4996: 'sprintf': This function or variable may be unsafe. Consider using sprintf_s instead. To disable deprecation, use _CRT_SECURE_NO_WARNINGS. See online help for details.
                 c:\program files (x86)\microsoft visual studio 10.0\vc\include\stdio.h(371) : see declaration of 'sprintf'
     1>e:\허규남\대학교\컴퓨터네트워크\computernetwork\arp termproject team7\routertable.cpp(60): warning C4996: 'sprintf': This function or variable may be unsafe. Consider using sprintf_s instead. To disable deprecation, use _CRT_SECURE_NO_WARNINGS. See online help for details.
                 c:\program files (x86)\microsoft visual studio 10.0\vc\include\stdio.h(371) : see declaration of 'sprintf'
         RouterDialog.cpp
         RIPLayer.cpp
         ProxyDialog.cpp
         NILayer.cpp
         LayerManager.cpp
     1>e:\허규남\대학교\컴퓨터네트워크\computernetwork\arp termproject team7\layermanager.cpp(66): warning C4996: 'sscanf': This function or variable may be unsafe. Consider using sscanf_s instead. To disable deprecation, use _CRT_SECURE_NO_WARNINGS. See online help for details.
                 c:\program files (x86)\microsoft visual studio 10.0\vc\include\stdio.h(325) : see declaration of 'sscanf'
     1>e:\허규남\대학교\컴퓨터네트워크\computernetwork\arp termproject team7\layermanager.cpp(79): warning C4996: 'strcpy': This function or variable may be unsafe. Consider using strcpy_s instead. To disable deprecation, use _CRT_SECURE_NO_WARNINGS. See online help for details.
                 c:\program files (x86)\microsoft visual studio 10.0\vc\include\string.h(105) : see declaration of 'strcpy'
         IPLayer.cpp
         EthernetLayer.cpp
         BindingTable.cpp
     1>e:\허규남\대학교\컴퓨터네트워크\computernetwork\arp termproject team7\bindingtable.cpp(5): warning C4003: not enough actual parameters for macro 'TBindingTable'
     1>e:\허규남\대학교\컴퓨터네트워크\computernetwork\arp termproject team7\bindingtable.cpp(11): warning C4003: not enough actual parameters for macro 'TBindingTable'
         BaseLayer.cpp
         ARPTable.cpp
         ARPManager.cpp
         ARPLayer.cpp
         ARP TermProject Team7Dlg.cpp
         ARP TermProject Team7.cpp
         Generating Code...
       ResourceCompile:
         C:\Program Files (x86)\Microsoft SDKs\Windows\v7.0A\bin\rc.exe /D _DEBUG /D _AFXDLL /l"0x0412" /IDebug\ /nologo /fo"Debug\ARPTermProjectTeam7.res" ARPTermProjectTeam7.rc 
       Link:
         c:\Program Files (x86)\Microsoft Visual Studio 10.0\VC\bin\link.exe /ERRORREPORT:PROMPT /OUT:"E:\허규남\대학교\컴퓨터네트워크\ComputerNetwork\ARP TermProject Team7\Debug\NetworkTeam2.exe" /INCREMENTAL /NOLOGO wpcap.lib Packet.lib /MANIFEST /ManifestFile:"Debug\NetworkTeam2.exe.intermediate.manifest" /MANIFESTUAC:"level='asInvoker' uiAccess='false'" /DEBUG /PDB:"E:\허규남\대학교\컴퓨터네트워크\ComputerNetwork\ARP TermProject Team7\Debug\NetworkTeam2.pdb" /SUBSYSTEM:WINDOWS /TLBID:1 /DYNAMICBASE /NXCOMPAT /IMPLIB:"E:\허규남\대학교\컴퓨터네트워크\ComputerNetwork\ARP TermProject Team7\Debug\NetworkTeam2.lib" /MACHINE:X86 Debug\ARPTermProjectTeam7.res
         "Debug\ARP TermProject Team7.obj"
         "Debug\ARP TermProject Team7Dlg.obj"
         Debug\ARPLayer.obj
         Debug\ARPManager.obj
         Debug\ARPTable.obj
         Debug\BaseLayer.obj
         Debug\BindingTable.obj
         Debug\EthernetLayer.obj
         Debug\IPLayer.obj
         Debug\LayerManager.obj
         Debug\NILayer.obj
         Debug\ProxyDialog.obj
         Debug\RIPLayer.obj
         Debug\RouterDialog.obj
         Debug\RouterTable.obj
         Debug\stdafx.obj
         Debug\UDPLayer.obj
         ARP TermProject Team7.vcxproj -> E:\허규남\대학교\컴퓨터네트워크\ComputerNetwork\ARP TermProject Team7\Debug\NetworkTeam2.exe
       Manifest:
         C:\Program Files (x86)\Microsoft SDKs\Windows\v7.0A\bin\mt.exe /nologo /verbose /out:"E:\허규남\대학교\컴퓨터네트워크\ComputerNetwork\ARP TermProject Team7\Debug\NetworkTeam2.exe.manifest" /manifest Debug\NetworkTeam2.exe.intermediate.manifest
       FinalizeBuildStatus:
         Deleting file "Debug\NetworkTeam2.unsuccessfulbuild".
         Touching "Debug\NetworkTeam2.lastbuildstate".
     1>Done Building Project "E:\허규남\대학교\컴퓨터네트워크\ComputerNetwork\ARP TermProject Team7\ARP TermProject Team7.vcxproj" (build target(s)).

Build succeeded.

Time Elapsed 00:00:15.03
