Build started 2016-09-24 오후 7:58:51.
     1>Project "E:\허규남\대학교\컴퓨터네트워크\Routing_0.0.6\ARP TermProject Team7\ARP TermProject Team7.vcxproj" on node 2 (build target(s)).
     1>InitializeBuildStatus:
         Touching "Debug\ARP TermProject Team7.unsuccessfulbuild".
       ClCompile:
         All outputs are up-to-date.
         c:\Program Files (x86)\Microsoft Visual Studio 10.0\VC\bin\CL.exe /c /ZI /nologo /W3 /WX- /Od /Oy- /D WIN32 /D _WINDOWS /D _DEBUG /D HAVE_REMOTE /D WPCAP /D _MBCS /D _AFXDLL /Gm /EHsc /RTC1 /MDd /GS /fp:precise /Zc:wchar_t /Zc:forScope /Yu"StdAfx.h" /Fp"Debug\ARP TermProject Team7.pch" /Fo"Debug\\" /Fd"Debug\vc100.pdb" /Gd /TP /analyze- /errorReport:prompt BindingTable.cpp
         BindingTable.cpp
     1>e:\허규남\대학교\컴퓨터네트워크\routing_0.0.6\arp termproject team7\bindingtable.cpp(5): warning C4003: not enough actual parameters for macro 'TBindingTable'
     1>e:\허규남\대학교\컴퓨터네트워크\routing_0.0.6\arp termproject team7\bindingtable.cpp(11): warning C4003: not enough actual parameters for macro 'TBindingTable'
       ResourceCompile:
         C:\Program Files (x86)\Microsoft SDKs\Windows\v7.0A\bin\rc.exe /D _DEBUG /D _AFXDLL /l"0x0412" /IDebug\ /nologo /fo"Debug\ARP TermProject Team7.res" "ARP TermProject Team7.rc" 
       Link:
         c:\Program Files (x86)\Microsoft Visual Studio 10.0\VC\bin\link.exe /ERRORREPORT:PROMPT /OUT:"E:\허규남\대학교\컴퓨터네트워크\Routing_0.0.6\Debug\ARP TermProject Team7.exe" /INCREMENTAL /NOLOGO wpcap.lib Packet.lib /MANIFEST /ManifestFile:"Debug\ARP TermProject Team7.exe.intermediate.manifest" /MANIFESTUAC:"level='asInvoker' uiAccess='false'" /DEBUG /PDB:"E:\허규남\대학교\컴퓨터네트워크\Routing_0.0.6\Debug\ARP TermProject Team7.pdb" /SUBSYSTEM:WINDOWS /TLBID:1 /DYNAMICBASE /NXCOMPAT /IMPLIB:"E:\허규남\대학교\컴퓨터네트워크\Routing_0.0.6\Debug\ARP TermProject Team7.lib" /MACHINE:X86 "Debug\ARP TermProject Team7.res"
         "Debug\ARP TermProject Team7.obj"
         "Debug\ARP TermProject Team7Dlg.obj"
         Debug\ARPLayer.obj
         Debug\ARPManager.obj
         Debug\ARPTable.obj
         Debug\BaseLayer.obj
         Debug\BindingTable.obj
         Debug\EthernetLayer.obj
         Debug\IPLayer.obj
         Debug\LayerManager.obj
         Debug\Main.obj
         Debug\NILayer.obj
         Debug\ProxyDialog.obj
         Debug\RouterDialog.obj
         Debug\RouterTable.obj
         Debug\stdafx.obj
         ARP TermProject Team7.vcxproj -> E:\허규남\대학교\컴퓨터네트워크\Routing_0.0.6\Debug\ARP TermProject Team7.exe
       Manifest:
         C:\Program Files (x86)\Microsoft SDKs\Windows\v7.0A\bin\mt.exe /nologo /verbose /out:"E:\허규남\대학교\컴퓨터네트워크\Routing_0.0.6\Debug\ARP TermProject Team7.exe.manifest" /manifest "Debug\ARP TermProject Team7.exe.intermediate.manifest"
       FinalizeBuildStatus:
         Deleting file "Debug\ARP TermProject Team7.unsuccessfulbuild".
         Touching "Debug\ARP TermProject Team7.lastbuildstate".
     1>Done Building Project "E:\허규남\대학교\컴퓨터네트워크\Routing_0.0.6\ARP TermProject Team7\ARP TermProject Team7.vcxproj" (build target(s)).

Build succeeded.

Time Elapsed 00:00:02.09
